<?xml version="1.0" encoding="UTF-8"?>
<robot generator="Robot 7.1.1 (Python 3.12.5 on win32)" generated="2025-02-14T16:24:17.814861" rpa="false" schemaversion="5">
<suite id="s1" name="Shop project" source="D:\Shop_project">
<suite id="s1-s1" name="Tests" source="D:\Shop_project\tests">
<kw name="Run Keywords" owner="BuiltIn" type="SETUP">
<kw name="User ${USER} Opens The Browser" owner="ShopLibrary" source_name="User ${USER} Opens The Browser">
<msg time="2025-02-14T16:24:18.479354" level="INFO">Opening browser 'chrome' to base url 'https://google.com'.</msg>
<status status="PASS" start="2025-02-14T16:24:18.479354" elapsed="6.225477"/>
</kw>
<kw name="User ${USER} Navigates To The Url" owner="ShopLibrary" source_name="User ${USER} Navigates To The Url">
<msg time="2025-02-14T16:24:24.704831" level="INFO">Opening url 'https://shopstage.icewarp.com/login'</msg>
<msg time="2025-02-14T16:25:20.524863" level="INFO">Opening url 'https://shopstage.icewarp.com/login'</msg>
<status status="PASS" start="2025-02-14T16:24:24.704831" elapsed="56.484361"/>
</kw>
<kw name="User ${USER} Logs In To The Shop" owner="ShopLibrary" source_name="User ${USER} Logs In To The Shop">
<msg time="2025-02-14T16:25:21.279728" level="INFO">Typing text 'chandrakant.waingankar@icewarp.co.in' into text field 'id:email'.</msg>
<msg time="2025-02-14T16:25:21.748014" level="INFO">Typing text 'MIGA_2024' into text field 'id:password'.</msg>
<kw name="Set Focus To Element" owner="ShopLibrary">
<arg>//button[contains(text(),'Sign In')]</arg>
<doc>Sets the focus to the element identified by ``locator``.</doc>
<status status="PASS" start="2025-02-14T16:25:22.067034" elapsed="0.050614"/>
</kw>
<msg time="2025-02-14T16:25:22.117648" level="INFO">Clicking element '//button[contains(text(),'Sign In')]'.</msg>
<status status="PASS" start="2025-02-14T16:25:21.200131" elapsed="116.010007"/>
</kw>
<kw name="User ${USER} Verifies Homepage" owner="ShopLibrary" source_name="User ${USER} Verifies Homepage">
<kw name="Save Selenium Screenshot" owner="ShopLibrary">
<msg time="2025-02-14T16:27:17.218501" level="FAIL">NoSuchWindowException: Message: no such window: target window already closed
from unknown error: web view not found
  (Session info: chrome=133.0.6943.98)
Stacktrace:
	GetHandleVerifier [0x00007FF7424DCC05+28741]
	(No symbol) [0x00007FF74243FED0]
	(No symbol) [0x00007FF7422D4FBA]
	(No symbol) [0x00007FF7422AED55]
	(No symbol) [0x00007FF742356DE7]
	(No symbol) [0x00007FF74236F8B2]
	(No symbol) [0x00007FF74234FBD3]
	(No symbol) [0x00007FF742319F43]
	(No symbol) [0x00007FF74231B2D1]
	GetHandleVerifier [0x00007FF74280DE3D+3375741]
	GetHandleVerifier [0x00007FF74282096A+3452330]
	GetHandleVerifier [0x00007FF74281671D+3410781]
	GetHandleVerifier [0x00007FF7425A653B+854395]
	(No symbol) [0x00007FF74244BE0F]
	(No symbol) [0x00007FF742447714]
	(No symbol) [0x00007FF7424478AD]
	(No symbol) [0x00007FF742436189]
	BaseThreadInitThunk [0x00007FFB3758E8D7+23]
	RtlUserThreadStart [0x00007FFB3845BF2C+44]
</msg>
<doc>Takes a screenshot with a unique filename to be stored in Robot Framework compiled reports.</doc>
<status status="FAIL" start="2025-02-14T16:27:17.214395" elapsed="0.030200">NoSuchWindowException: Message: no such window: target window already closed
from unknown error: web view not found
  (Session info: chrome=133.0.6943.98)
Stacktrace:
	GetHandleVerifier [0x00007FF7424DCC05+28741]
	(No symbol) [0x00007FF74243FED0]
	(No symbol) [0x00007FF7422D4FBA]
	(No symbol) [0x00007FF7422AED55]
	(No symbol) [0x00007FF742356DE7]
	(No symbol) [0x00007FF74236F8B2]
	(No symbol) [0x00007FF74234FBD3]
	(No symbol) [0x00007FF742319F43]
	(No symbol) [0x00007FF74231B2D1]
	GetHandleVerifier [0x00007FF74280DE3D+3375741]
	GetHandleVerifier [0x00007FF74282096A+3452330]
	GetHandleVerifier [0x00007FF74281671D+3410781]
	GetHandleVerifier [0x00007FF7425A653B+854395]
	(No symbol) [0x00007FF74244BE0F]
	(No symbol) [0x00007FF742447714]
	(No symbol) [0x00007FF7424478AD]
	(No symbol) [0x00007FF742436189]
	BaseThreadInitThunk [0x00007FFB3758E8D7+23]
	RtlUserThreadStart [0x00007FFB3845BF2C+44]
</status>
</kw>
<msg time="2025-02-14T16:27:17.244595" level="WARN">Keyword 'Save Selenium Screenshot' could not be run on failure: NoSuchWindowException: Message: no such window: target window already closed
from unknown error: web view not found
  (Session info: chrome=133.0.6943.98)
Stacktrace:
	GetHandleVerifier [0x00007FF7424DCC05+28741]
	(No symbol) [0x00007FF74243FED0]
	(No symbol) [0x00007FF7422D4FBA]
	(No symbol) [0x00007FF7422AED55]
	(No symbol) [0x00007FF742356DE7]
	(No symbol) [0x00007FF74236F8B2]
	(No symbol) [0x00007FF74234FBD3]
	(No symbol) [0x00007FF742319F43]
	(No symbol) [0x00007FF74231B2D1]
	GetHandleVerifier [0x00007FF74280DE3D+3375741]
	GetHandleVerifier [0x00007FF74282096A+3452330]
	GetHandleVerifier [0x00007FF74281671D+3410781]
	GetHandleVerifier [0x00007FF7425A653B+854395]
	(No symbol) [0x00007FF74244BE0F]
	(No symbol) [0x00007FF742447714]
	(No symbol) [0x00007FF7424478AD]
	(No symbol) [0x00007FF742436189]
	BaseThreadInitThunk [0x00007FFB3758E8D7+23]
	RtlUserThreadStart [0x00007FFB3845BF2C+44]
</msg>
<msg time="2025-02-14T16:27:17.244595" level="FAIL">NoSuchWindowException: Message: no such window: target window already closed
from unknown error: web view not found
  (Session info: chrome=133.0.6943.98)
Stacktrace:
	GetHandleVerifier [0x00007FF7424DCC05+28741]
	(No symbol) [0x00007FF74243FED0]
	(No symbol) [0x00007FF7422D4FBA]
	(No symbol) [0x00007FF7422AED55]
	(No symbol) [0x00007FF742356DE7]
	(No symbol) [0x00007FF74236F8B2]
	(No symbol) [0x00007FF74234FBD3]
	(No symbol) [0x00007FF742319F43]
	(No symbol) [0x00007FF74231B2D1]
	GetHandleVerifier [0x00007FF74280DE3D+3375741]
	GetHandleVerifier [0x00007FF74282096A+3452330]
	GetHandleVerifier [0x00007FF74281671D+3410781]
	GetHandleVerifier [0x00007FF7425A653B+854395]
	(No symbol) [0x00007FF74244BE0F]
	(No symbol) [0x00007FF742447714]
	(No symbol) [0x00007FF7424478AD]
	(No symbol) [0x00007FF742436189]
	BaseThreadInitThunk [0x00007FFB3758E8D7+23]
	RtlUserThreadStart [0x00007FFB3845BF2C+44]
</msg>
<doc>This keyword verifies whether the Home page is opened properly or not.
It verifies that Home page header contains Menu button, New button, Shop logo(that too in center), 
user button, Manual reviews information window</doc>
<status status="FAIL" start="2025-02-14T16:27:17.211696" elapsed="0.037238">NoSuchWindowException: Message: no such window: target window already closed
from unknown error: web view not found
  (Session info: chrome=133.0.6943.98)
Stacktrace:
	GetHandleVerifier [0x00007FF7424DCC05+28741]
	(No symbol) [0x00007FF74243FED0]
	(No symbol) [0x00007FF7422D4FBA]
	(No symbol) [0x00007FF7422AED55]
	(No symbol) [0x00007FF742356DE7]
	(No symbol) [0x00007FF74236F8B2]
	(No symbol) [0x00007FF74234FBD3]
	(No symbol) [0x00007FF742319F43]
	(No symbol) [0x00007FF74231B2D1]
	GetHandleVerifier [0x00007FF74280DE3D+3375741]
	GetHandleVerifier [0x00007FF74282096A+3452330]
	GetHandleVerifier [0x00007FF74281671D+3410781]
	GetHandleVerifier [0x00007FF7425A653B+854395]
	(No symbol) [0x00007FF74244BE0F]
	(No symbol) [0x00007FF742447714]
	(No symbol) [0x00007FF7424478AD]
	(No symbol) [0x00007FF742436189]
	BaseThreadInitThunk [0x00007FFB3758E8D7+23]
	RtlUserThreadStart [0x00007FFB3845BF2C+44]
</status>
</kw>
<arg>User ${USER} Opens The Browser</arg>
<arg>AND</arg>
<arg>User ${USER} Navigates To The Url</arg>
<arg>AND</arg>
<arg>User ${USER} Logs In To The Shop</arg>
<arg>AND</arg>
<arg>User ${USER} Verifies Homepage</arg>
<doc>Executes all the given keywords in a sequence.</doc>
<status status="FAIL" start="2025-02-14T16:24:18.479354" elapsed="178.769580">NoSuchWindowException: Message: no such window: target window already closed
from unknown error: web view not found
  (Session info: chrome=133.0.6943.98)
Stacktrace:
	GetHandleVerifier [0x00007FF7424DCC05+28741]
	(No symbol) [0x00007FF74243FED0]
	(No symbol) [0x00007FF7422D4FBA]
	(No symbol) [0x00007FF7422AED55]
	(No symbol) [0x00007FF742356DE7]
	(No symbol) [0x00007FF74236F8B2]
	(No symbol) [0x00007FF74234FBD3]
	(No symbol) [0x00007FF742319F43]
	(No symbol) [0x00007FF74231B2D1]
	GetHandleVerifier [0x00007FF74280DE3D+3375741]
	GetHandleVerifier [0x00007FF74282096A+3452330]
	GetHandleVerifier [0x00007FF74281671D+3410781]
	GetHandleVerifier [0x00007FF7425A653B+854395]
	(No symbol) [0x00007FF74244BE0F]
	(No symbol) [0x00007FF742447714]
	(No symbol) [0x00007FF7424478AD]
	(No symbol) [0x00007FF742436189]
	BaseThreadInitThunk [0x00007FFB3758E8D7+23]
	RtlUserThreadStart [0x00007FFB3845BF2C+44]
</status>
</kw>
<suite id="s1-s1-s1" name="RegressionTest" source="D:\Shop_project\tests\RegressionTest.robot">
<test id="s1-s1-s1-t1" name="TC-01 Create New Cloud Quote" line="6">
<doc>To verify that a user can create a new cloud quote successfully</doc>
<tag>All</tag>
<tag>Quotes</tag>
<tag>Test1</tag>
<status status="FAIL" start="2025-02-14T16:27:17.252756" elapsed="0.000000">Parent suite setup failed:
NoSuchWindowException: Message: no such window: target window already closed
from unknown error: web view not found
  (Session info: chrome=133.0.6943.98)
Stacktrace:
	GetHandleVerifier [0x00007FF7424DCC05+28741]
	(No symbol) [0x00007FF74243FED0]
	(No symbol) [0x00007FF7422D4FBA]
	(No symbol) [0x00007FF7422AED55]
	(No symbol) [0x00007FF742356DE7]
	(No symbol) [0x00007FF74236F8B2]
	(No symbol) [0x00007FF74234FBD3]
	(No symbol) [0x00007FF742319F43]
	(No symbol) [0x00007FF74231B2D1]
	GetHandleVerifier [0x00007FF74280DE3D+3375741]
	GetHandleVerifier [0x00007FF74282096A+3452330]
	GetHandleVerifier [0x00007FF74281671D+3410781]
	GetHandleVerifier [0x00007FF7425A653B+854395]
	(No symbol) [0x00007FF74244BE0F]
	(No symbol) [0x00007FF742447714]
	(No symbol) [0x00007FF7424478AD]
	(No symbol) [0x00007FF742436189]
	BaseThreadInitThunk [0x00007FFB3758E8D7+23]
	RtlUserThreadStart [0x00007FFB3845BF2C+44]
</status>
</test>
<test id="s1-s1-s1-t2" name="TC-02 Create New SaaS Quote" line="22">
<doc>To verify that a user can create a new SaaS quote successfully</doc>
<tag>All</tag>
<tag>Quotes</tag>
<tag>Test1</tag>
<status status="FAIL" start="2025-02-14T16:27:17.252756" elapsed="0.006847">Parent suite setup failed:
NoSuchWindowException: Message: no such window: target window already closed
from unknown error: web view not found
  (Session info: chrome=133.0.6943.98)
Stacktrace:
	GetHandleVerifier [0x00007FF7424DCC05+28741]
	(No symbol) [0x00007FF74243FED0]
	(No symbol) [0x00007FF7422D4FBA]
	(No symbol) [0x00007FF7422AED55]
	(No symbol) [0x00007FF742356DE7]
	(No symbol) [0x00007FF74236F8B2]
	(No symbol) [0x00007FF74234FBD3]
	(No symbol) [0x00007FF742319F43]
	(No symbol) [0x00007FF74231B2D1]
	GetHandleVerifier [0x00007FF74280DE3D+3375741]
	GetHandleVerifier [0x00007FF74282096A+3452330]
	GetHandleVerifier [0x00007FF74281671D+3410781]
	GetHandleVerifier [0x00007FF7425A653B+854395]
	(No symbol) [0x00007FF74244BE0F]
	(No symbol) [0x00007FF742447714]
	(No symbol) [0x00007FF7424478AD]
	(No symbol) [0x00007FF742436189]
	BaseThreadInitThunk [0x00007FFB3758E8D7+23]
	RtlUserThreadStart [0x00007FFB3845BF2C+44]
</status>
</test>
<test id="s1-s1-s1-t3" name="TC-03 Create New Lead #1" line="37">
<doc>To verify that user can create a new Lead sucessfully</doc>
<tag>All</tag>
<tag>Leads</tag>
<tag>Test1</tag>
<status status="FAIL" start="2025-02-14T16:27:17.261636" elapsed="0.002970">Parent suite setup failed:
NoSuchWindowException: Message: no such window: target window already closed
from unknown error: web view not found
  (Session info: chrome=133.0.6943.98)
Stacktrace:
	GetHandleVerifier [0x00007FF7424DCC05+28741]
	(No symbol) [0x00007FF74243FED0]
	(No symbol) [0x00007FF7422D4FBA]
	(No symbol) [0x00007FF7422AED55]
	(No symbol) [0x00007FF742356DE7]
	(No symbol) [0x00007FF74236F8B2]
	(No symbol) [0x00007FF74234FBD3]
	(No symbol) [0x00007FF742319F43]
	(No symbol) [0x00007FF74231B2D1]
	GetHandleVerifier [0x00007FF74280DE3D+3375741]
	GetHandleVerifier [0x00007FF74282096A+3452330]
	GetHandleVerifier [0x00007FF74281671D+3410781]
	GetHandleVerifier [0x00007FF7425A653B+854395]
	(No symbol) [0x00007FF74244BE0F]
	(No symbol) [0x00007FF742447714]
	(No symbol) [0x00007FF7424478AD]
	(No symbol) [0x00007FF742436189]
	BaseThreadInitThunk [0x00007FFB3758E8D7+23]
	RtlUserThreadStart [0x00007FFB3845BF2C+44]
</status>
</test>
<test id="s1-s1-s1-t4" name="TC-04 Create New Lead #2" line="49">
<doc>To verify that user can create a new Lead sucessfully</doc>
<tag>All</tag>
<tag>Leads</tag>
<tag>Test1</tag>
<status status="FAIL" start="2025-02-14T16:27:17.264606" elapsed="0.000000">Parent suite setup failed:
NoSuchWindowException: Message: no such window: target window already closed
from unknown error: web view not found
  (Session info: chrome=133.0.6943.98)
Stacktrace:
	GetHandleVerifier [0x00007FF7424DCC05+28741]
	(No symbol) [0x00007FF74243FED0]
	(No symbol) [0x00007FF7422D4FBA]
	(No symbol) [0x00007FF7422AED55]
	(No symbol) [0x00007FF742356DE7]
	(No symbol) [0x00007FF74236F8B2]
	(No symbol) [0x00007FF74234FBD3]
	(No symbol) [0x00007FF742319F43]
	(No symbol) [0x00007FF74231B2D1]
	GetHandleVerifier [0x00007FF74280DE3D+3375741]
	GetHandleVerifier [0x00007FF74282096A+3452330]
	GetHandleVerifier [0x00007FF74281671D+3410781]
	GetHandleVerifier [0x00007FF7425A653B+854395]
	(No symbol) [0x00007FF74244BE0F]
	(No symbol) [0x00007FF742447714]
	(No symbol) [0x00007FF7424478AD]
	(No symbol) [0x00007FF742436189]
	BaseThreadInitThunk [0x00007FFB3758E8D7+23]
	RtlUserThreadStart [0x00007FFB3845BF2C+44]
</status>
</test>
<test id="s1-s1-s1-t5" name="TC-05 Open Royalties page from leftmenu" line="65">
<doc>To verify that user is able to open Royalties page from left menu</doc>
<tag>All</tag>
<tag>pages</tag>
<tag>Test1</tag>
<status status="FAIL" start="2025-02-14T16:27:17.271250" elapsed="0.000000">Parent suite setup failed:
NoSuchWindowException: Message: no such window: target window already closed
from unknown error: web view not found
  (Session info: chrome=133.0.6943.98)
Stacktrace:
	GetHandleVerifier [0x00007FF7424DCC05+28741]
	(No symbol) [0x00007FF74243FED0]
	(No symbol) [0x00007FF7422D4FBA]
	(No symbol) [0x00007FF7422AED55]
	(No symbol) [0x00007FF742356DE7]
	(No symbol) [0x00007FF74236F8B2]
	(No symbol) [0x00007FF74234FBD3]
	(No symbol) [0x00007FF742319F43]
	(No symbol) [0x00007FF74231B2D1]
	GetHandleVerifier [0x00007FF74280DE3D+3375741]
	GetHandleVerifier [0x00007FF74282096A+3452330]
	GetHandleVerifier [0x00007FF74281671D+3410781]
	GetHandleVerifier [0x00007FF7425A653B+854395]
	(No symbol) [0x00007FF74244BE0F]
	(No symbol) [0x00007FF742447714]
	(No symbol) [0x00007FF7424478AD]
	(No symbol) [0x00007FF742436189]
	BaseThreadInitThunk [0x00007FFB3758E8D7+23]
	RtlUserThreadStart [0x00007FFB3845BF2C+44]
</status>
</test>
<test id="s1-s1-s1-t6" name="TC-06 Open new Lead Page from leftmenu" line="72">
<doc>To veirfy that user is able to open new Lead page from left menu</doc>
<tag>All</tag>
<tag>pages</tag>
<tag>Test1</tag>
<status status="FAIL" start="2025-02-14T16:27:17.279396" elapsed="0.001612">Parent suite setup failed:
NoSuchWindowException: Message: no such window: target window already closed
from unknown error: web view not found
  (Session info: chrome=133.0.6943.98)
Stacktrace:
	GetHandleVerifier [0x00007FF7424DCC05+28741]
	(No symbol) [0x00007FF74243FED0]
	(No symbol) [0x00007FF7422D4FBA]
	(No symbol) [0x00007FF7422AED55]
	(No symbol) [0x00007FF742356DE7]
	(No symbol) [0x00007FF74236F8B2]
	(No symbol) [0x00007FF74234FBD3]
	(No symbol) [0x00007FF742319F43]
	(No symbol) [0x00007FF74231B2D1]
	GetHandleVerifier [0x00007FF74280DE3D+3375741]
	GetHandleVerifier [0x00007FF74282096A+3452330]
	GetHandleVerifier [0x00007FF74281671D+3410781]
	GetHandleVerifier [0x00007FF7425A653B+854395]
	(No symbol) [0x00007FF74244BE0F]
	(No symbol) [0x00007FF742447714]
	(No symbol) [0x00007FF7424478AD]
	(No symbol) [0x00007FF742436189]
	BaseThreadInitThunk [0x00007FFB3758E8D7+23]
	RtlUserThreadStart [0x00007FFB3845BF2C+44]
</status>
</test>
<test id="s1-s1-s1-t7" name="TC-07 Create new service order" line="80">
<doc>To verify that user is able to create new service order</doc>
<tag>All</tag>
<tag>serviceOrder</tag>
<tag>Test1</tag>
<status status="FAIL" start="2025-02-14T16:27:17.284093" elapsed="0.002170">Parent suite setup failed:
NoSuchWindowException: Message: no such window: target window already closed
from unknown error: web view not found
  (Session info: chrome=133.0.6943.98)
Stacktrace:
	GetHandleVerifier [0x00007FF7424DCC05+28741]
	(No symbol) [0x00007FF74243FED0]
	(No symbol) [0x00007FF7422D4FBA]
	(No symbol) [0x00007FF7422AED55]
	(No symbol) [0x00007FF742356DE7]
	(No symbol) [0x00007FF74236F8B2]
	(No symbol) [0x00007FF74234FBD3]
	(No symbol) [0x00007FF742319F43]
	(No symbol) [0x00007FF74231B2D1]
	GetHandleVerifier [0x00007FF74280DE3D+3375741]
	GetHandleVerifier [0x00007FF74282096A+3452330]
	GetHandleVerifier [0x00007FF74281671D+3410781]
	GetHandleVerifier [0x00007FF7425A653B+854395]
	(No symbol) [0x00007FF74244BE0F]
	(No symbol) [0x00007FF742447714]
	(No symbol) [0x00007FF7424478AD]
	(No symbol) [0x00007FF742436189]
	BaseThreadInitThunk [0x00007FFB3758E8D7+23]
	RtlUserThreadStart [0x00007FFB3845BF2C+44]
</status>
</test>
<test id="s1-s1-s1-t8" name="TC-08 Create new User" line="94">
<doc>To verify that user is able to create new user</doc>
<tag>All</tag>
<tag>newuser</tag>
<tag>Test1</tag>
<status status="FAIL" start="2025-02-14T16:27:17.289946" elapsed="0.000000">Parent suite setup failed:
NoSuchWindowException: Message: no such window: target window already closed
from unknown error: web view not found
  (Session info: chrome=133.0.6943.98)
Stacktrace:
	GetHandleVerifier [0x00007FF7424DCC05+28741]
	(No symbol) [0x00007FF74243FED0]
	(No symbol) [0x00007FF7422D4FBA]
	(No symbol) [0x00007FF7422AED55]
	(No symbol) [0x00007FF742356DE7]
	(No symbol) [0x00007FF74236F8B2]
	(No symbol) [0x00007FF74234FBD3]
	(No symbol) [0x00007FF742319F43]
	(No symbol) [0x00007FF74231B2D1]
	GetHandleVerifier [0x00007FF74280DE3D+3375741]
	GetHandleVerifier [0x00007FF74282096A+3452330]
	GetHandleVerifier [0x00007FF74281671D+3410781]
	GetHandleVerifier [0x00007FF7425A653B+854395]
	(No symbol) [0x00007FF74244BE0F]
	(No symbol) [0x00007FF742447714]
	(No symbol) [0x00007FF7424478AD]
	(No symbol) [0x00007FF742436189]
	BaseThreadInitThunk [0x00007FFB3758E8D7+23]
	RtlUserThreadStart [0x00007FFB3845BF2C+44]
</status>
</test>
<status status="FAIL" start="2025-02-14T16:27:17.248934" elapsed="0.047300">Parent suite setup failed:
NoSuchWindowException: Message: no such window: target window already closed
from unknown error: web view not found
  (Session info: chrome=133.0.6943.98)
Stacktrace:
	GetHandleVerifier [0x00007FF7424DCC05+28741]
	(No symbol) [0x00007FF74243FED0]
	(No symbol) [0x00007FF7422D4FBA]
	(No symbol) [0x00007FF7422AED55]
	(No symbol) [0x00007FF742356DE7]
	(No symbol) [0x00007FF74236F8B2]
	(No symbol) [0x00007FF74234FBD3]
	(No symbol) [0x00007FF742319F43]
	(No symbol) [0x00007FF74231B2D1]
	GetHandleVerifier [0x00007FF74280DE3D+3375741]
	GetHandleVerifier [0x00007FF74282096A+3452330]
	GetHandleVerifier [0x00007FF74281671D+3410781]
	GetHandleVerifier [0x00007FF7425A653B+854395]
	(No symbol) [0x00007FF74244BE0F]
	(No symbol) [0x00007FF742447714]
	(No symbol) [0x00007FF7424478AD]
	(No symbol) [0x00007FF742436189]
	BaseThreadInitThunk [0x00007FFB3758E8D7+23]
	RtlUserThreadStart [0x00007FFB3845BF2C+44]
</status>
</suite>
<kw name="Run Keywords" owner="BuiltIn" type="TEARDOWN">
<kw name="User ${USER} Logs Out The Shop" owner="ShopLibrary" source_name="User ${USER} Logs Out The Shop">
<kw name="Save Selenium Screenshot" owner="ShopLibrary">
<msg time="2025-02-14T16:27:17.314605" level="FAIL">NoSuchWindowException: Message: no such window: target window already closed
from unknown error: web view not found
  (Session info: chrome=133.0.6943.98)
Stacktrace:
	GetHandleVerifier [0x00007FF7424DCC05+28741]
	(No symbol) [0x00007FF74243FED0]
	(No symbol) [0x00007FF7422D4FBA]
	(No symbol) [0x00007FF7422AED55]
	(No symbol) [0x00007FF742356DE7]
	(No symbol) [0x00007FF74236F8B2]
	(No symbol) [0x00007FF74234FBD3]
	(No symbol) [0x00007FF742319F43]
	(No symbol) [0x00007FF74231B2D1]
	GetHandleVerifier [0x00007FF74280DE3D+3375741]
	GetHandleVerifier [0x00007FF74282096A+3452330]
	GetHandleVerifier [0x00007FF74281671D+3410781]
	GetHandleVerifier [0x00007FF7425A653B+854395]
	(No symbol) [0x00007FF74244BE0F]
	(No symbol) [0x00007FF742447714]
	(No symbol) [0x00007FF7424478AD]
	(No symbol) [0x00007FF742436189]
	BaseThreadInitThunk [0x00007FFB3758E8D7+23]
	RtlUserThreadStart [0x00007FFB3845BF2C+44]
</msg>
<doc>Takes a screenshot with a unique filename to be stored in Robot Framework compiled reports.</doc>
<status status="FAIL" start="2025-02-14T16:27:17.303106" elapsed="0.017459">NoSuchWindowException: Message: no such window: target window already closed
from unknown error: web view not found
  (Session info: chrome=133.0.6943.98)
Stacktrace:
	GetHandleVerifier [0x00007FF7424DCC05+28741]
	(No symbol) [0x00007FF74243FED0]
	(No symbol) [0x00007FF7422D4FBA]
	(No symbol) [0x00007FF7422AED55]
	(No symbol) [0x00007FF742356DE7]
	(No symbol) [0x00007FF74236F8B2]
	(No symbol) [0x00007FF74234FBD3]
	(No symbol) [0x00007FF742319F43]
	(No symbol) [0x00007FF74231B2D1]
	GetHandleVerifier [0x00007FF74280DE3D+3375741]
	GetHandleVerifier [0x00007FF74282096A+3452330]
	GetHandleVerifier [0x00007FF74281671D+3410781]
	GetHandleVerifier [0x00007FF7425A653B+854395]
	(No symbol) [0x00007FF74244BE0F]
	(No symbol) [0x00007FF742447714]
	(No symbol) [0x00007FF7424478AD]
	(No symbol) [0x00007FF742436189]
	BaseThreadInitThunk [0x00007FFB3758E8D7+23]
	RtlUserThreadStart [0x00007FFB3845BF2C+44]
</status>
</kw>
<msg time="2025-02-14T16:27:17.320565" level="WARN">Keyword 'Save Selenium Screenshot' could not be run on failure: NoSuchWindowException: Message: no such window: target window already closed
from unknown error: web view not found
  (Session info: chrome=133.0.6943.98)
Stacktrace:
	GetHandleVerifier [0x00007FF7424DCC05+28741]
	(No symbol) [0x00007FF74243FED0]
	(No symbol) [0x00007FF7422D4FBA]
	(No symbol) [0x00007FF7422AED55]
	(No symbol) [0x00007FF742356DE7]
	(No symbol) [0x00007FF74236F8B2]
	(No symbol) [0x00007FF74234FBD3]
	(No symbol) [0x00007FF742319F43]
	(No symbol) [0x00007FF74231B2D1]
	GetHandleVerifier [0x00007FF74280DE3D+3375741]
	GetHandleVerifier [0x00007FF74282096A+3452330]
	GetHandleVerifier [0x00007FF74281671D+3410781]
	GetHandleVerifier [0x00007FF7425A653B+854395]
	(No symbol) [0x00007FF74244BE0F]
	(No symbol) [0x00007FF742447714]
	(No symbol) [0x00007FF7424478AD]
	(No symbol) [0x00007FF742436189]
	BaseThreadInitThunk [0x00007FFB3758E8D7+23]
	RtlUserThreadStart [0x00007FFB3845BF2C+44]
</msg>
<msg time="2025-02-14T16:27:17.320565" level="FAIL">NoSuchWindowException: Message: no such window: target window already closed
from unknown error: web view not found
  (Session info: chrome=133.0.6943.98)
Stacktrace:
	GetHandleVerifier [0x00007FF7424DCC05+28741]
	(No symbol) [0x00007FF74243FED0]
	(No symbol) [0x00007FF7422D4FBA]
	(No symbol) [0x00007FF7422AED55]
	(No symbol) [0x00007FF742356DE7]
	(No symbol) [0x00007FF74236F8B2]
	(No symbol) [0x00007FF74234FBD3]
	(No symbol) [0x00007FF742319F43]
	(No symbol) [0x00007FF74231B2D1]
	GetHandleVerifier [0x00007FF74280DE3D+3375741]
	GetHandleVerifier [0x00007FF74282096A+3452330]
	GetHandleVerifier [0x00007FF74281671D+3410781]
	GetHandleVerifier [0x00007FF7425A653B+854395]
	(No symbol) [0x00007FF74244BE0F]
	(No symbol) [0x00007FF742447714]
	(No symbol) [0x00007FF7424478AD]
	(No symbol) [0x00007FF742436189]
	BaseThreadInitThunk [0x00007FFB3758E8D7+23]
	RtlUserThreadStart [0x00007FFB3845BF2C+44]
</msg>
<doc>This keyword is used for logging out of application</doc>
<status status="FAIL" start="2025-02-14T16:27:17.303106" elapsed="0.025380">NoSuchWindowException: Message: no such window: target window already closed
from unknown error: web view not found
  (Session info: chrome=133.0.6943.98)
Stacktrace:
	GetHandleVerifier [0x00007FF7424DCC05+28741]
	(No symbol) [0x00007FF74243FED0]
	(No symbol) [0x00007FF7422D4FBA]
	(No symbol) [0x00007FF7422AED55]
	(No symbol) [0x00007FF742356DE7]
	(No symbol) [0x00007FF74236F8B2]
	(No symbol) [0x00007FF74234FBD3]
	(No symbol) [0x00007FF742319F43]
	(No symbol) [0x00007FF74231B2D1]
	GetHandleVerifier [0x00007FF74280DE3D+3375741]
	GetHandleVerifier [0x00007FF74282096A+3452330]
	GetHandleVerifier [0x00007FF74281671D+3410781]
	GetHandleVerifier [0x00007FF7425A653B+854395]
	(No symbol) [0x00007FF74244BE0F]
	(No symbol) [0x00007FF742447714]
	(No symbol) [0x00007FF7424478AD]
	(No symbol) [0x00007FF742436189]
	BaseThreadInitThunk [0x00007FFB3758E8D7+23]
	RtlUserThreadStart [0x00007FFB3845BF2C+44]
</status>
</kw>
<arg>User ${USER} Logs Out The Shop</arg>
<doc>Executes all the given keywords in a sequence.</doc>
<status status="FAIL" start="2025-02-14T16:27:17.303106" elapsed="0.025380">NoSuchWindowException: Message: no such window: target window already closed
from unknown error: web view not found
  (Session info: chrome=133.0.6943.98)
Stacktrace:
	GetHandleVerifier [0x00007FF7424DCC05+28741]
	(No symbol) [0x00007FF74243FED0]
	(No symbol) [0x00007FF7422D4FBA]
	(No symbol) [0x00007FF7422AED55]
	(No symbol) [0x00007FF742356DE7]
	(No symbol) [0x00007FF74236F8B2]
	(No symbol) [0x00007FF74234FBD3]
	(No symbol) [0x00007FF742319F43]
	(No symbol) [0x00007FF74231B2D1]
	GetHandleVerifier [0x00007FF74280DE3D+3375741]
	GetHandleVerifier [0x00007FF74282096A+3452330]
	GetHandleVerifier [0x00007FF74281671D+3410781]
	GetHandleVerifier [0x00007FF7425A653B+854395]
	(No symbol) [0x00007FF74244BE0F]
	(No symbol) [0x00007FF742447714]
	(No symbol) [0x00007FF7424478AD]
	(No symbol) [0x00007FF742436189]
	BaseThreadInitThunk [0x00007FFB3758E8D7+23]
	RtlUserThreadStart [0x00007FFB3845BF2C+44]
</status>
</kw>
<status status="FAIL" start="2025-02-14T16:24:17.878708" elapsed="179.449778">Suite setup failed:
NoSuchWindowException: Message: no such window: target window already closed
from unknown error: web view not found
  (Session info: chrome=133.0.6943.98)
Stacktrace:
	GetHandleVerifier [0x00007FF7424DCC05+28741]
	(No symbol) [0x00007FF74243FED0]
	(No symbol) [0x00007FF7422D4FBA]
	(No symbol) [0x00007FF7422AED55]
	(No symbol) [0x00007FF742356DE7]
	(No symbol) [0x00007FF74236F8B2]
	(No symbol) [0x00007FF74234FBD3]
	(No symbol) [0x00007FF742319F43]
	(No symbol) [0x00007FF74231B2D1]
	GetHandleVerifier [0x00007FF74280DE3D+3375741]
	GetHandleVerifier [0x00007FF74282096A+3452330]
	GetHandleVerifier [0x00007FF74281671D+3410781]
	GetHandleVerifier [0x00007FF7425A653B+854395]
	(No symbol) [0x00007FF74244BE0F]
	(No symbol) [0x00007FF742447714]
	(No symbol) [0x00007FF7424478AD]
	(No symbol) [0x00007FF742436189]
	BaseThreadInitThunk [0x00007FFB3758E8D7+23]
	RtlUserThreadStart [0x00007FFB3845BF2C+44]


Also suite teardown failed:
NoSuchWindowException: Message: no such window: target window already closed
from unknown error: web view not found
  (Session info: chrome=133.0.6943.98)
Stacktrace:
	GetHandleVerifier [0x00007FF7424DCC05+28741]
	(No symbol) [0x00007FF74243FED0]
	(No symbol) [0x00007FF7422D4FBA]
	(No symbol) [0x00007FF7422AED55]
	(No symbol) [0x00007FF742356DE7]
	(No symbol) [0x00007FF74236F8B2]
	(No symbol) [0x00007FF74234FBD3]
	(No symbol) [0x00007FF742319F43]
	(No symbol) [0x00007FF74231B2D1]
	GetHandleVerifier [0x00007FF74280DE3D+3375741]
	GetHandleVerifier [0x00007FF74282096A+3452330]
	GetHandleVerifier [0x00007FF74281671D+3410781]
	GetHandleVerifier [0x00007FF7425A653B+854395]
	(No symbol) [0x00007FF74244BE0F]
	(No symbol) [0x00007FF742447714]
	(No symbol) [0x00007FF7424478AD]
	(No symbol) [0x00007FF742436189]
	BaseThreadInitThunk [0x00007FFB3758E8D7+23]
	RtlUserThreadStart [0x00007FFB3845BF2C+44]
</status>
</suite>
<status status="FAIL" start="2025-02-14T16:24:17.848124" elapsed="179.488314"/>
</suite>
<statistics>
<total>
<stat pass="0" fail="8" skip="0">All Tests</stat>
</total>
<tag>
<stat pass="0" fail="8" skip="0">All</stat>
<stat pass="0" fail="2" skip="0">Leads</stat>
<stat pass="0" fail="1" skip="0">newuser</stat>
<stat pass="0" fail="2" skip="0">pages</stat>
<stat pass="0" fail="2" skip="0">Quotes</stat>
<stat pass="0" fail="1" skip="0">serviceOrder</stat>
<stat pass="0" fail="8" skip="0">Test1</stat>
</tag>
<suite>
<stat pass="0" fail="8" skip="0" id="s1" name="Shop project">Shop project</stat>
<stat pass="0" fail="8" skip="0" id="s1-s1" name="Tests">Shop project.Tests</stat>
<stat pass="0" fail="8" skip="0" id="s1-s1-s1" name="RegressionTest">Shop project.Tests.RegressionTest</stat>
</suite>
</statistics>
<errors>
<msg time="2025-02-14T16:27:17.244595" level="WARN">Keyword 'Save Selenium Screenshot' could not be run on failure: NoSuchWindowException: Message: no such window: target window already closed
from unknown error: web view not found
  (Session info: chrome=133.0.6943.98)
Stacktrace:
	GetHandleVerifier [0x00007FF7424DCC05+28741]
	(No symbol) [0x00007FF74243FED0]
	(No symbol) [0x00007FF7422D4FBA]
	(No symbol) [0x00007FF7422AED55]
	(No symbol) [0x00007FF742356DE7]
	(No symbol) [0x00007FF74236F8B2]
	(No symbol) [0x00007FF74234FBD3]
	(No symbol) [0x00007FF742319F43]
	(No symbol) [0x00007FF74231B2D1]
	GetHandleVerifier [0x00007FF74280DE3D+3375741]
	GetHandleVerifier [0x00007FF74282096A+3452330]
	GetHandleVerifier [0x00007FF74281671D+3410781]
	GetHandleVerifier [0x00007FF7425A653B+854395]
	(No symbol) [0x00007FF74244BE0F]
	(No symbol) [0x00007FF742447714]
	(No symbol) [0x00007FF7424478AD]
	(No symbol) [0x00007FF742436189]
	BaseThreadInitThunk [0x00007FFB3758E8D7+23]
	RtlUserThreadStart [0x00007FFB3845BF2C+44]
</msg>
<msg time="2025-02-14T16:27:17.320565" level="WARN">Keyword 'Save Selenium Screenshot' could not be run on failure: NoSuchWindowException: Message: no such window: target window already closed
from unknown error: web view not found
  (Session info: chrome=133.0.6943.98)
Stacktrace:
	GetHandleVerifier [0x00007FF7424DCC05+28741]
	(No symbol) [0x00007FF74243FED0]
	(No symbol) [0x00007FF7422D4FBA]
	(No symbol) [0x00007FF7422AED55]
	(No symbol) [0x00007FF742356DE7]
	(No symbol) [0x00007FF74236F8B2]
	(No symbol) [0x00007FF74234FBD3]
	(No symbol) [0x00007FF742319F43]
	(No symbol) [0x00007FF74231B2D1]
	GetHandleVerifier [0x00007FF74280DE3D+3375741]
	GetHandleVerifier [0x00007FF74282096A+3452330]
	GetHandleVerifier [0x00007FF74281671D+3410781]
	GetHandleVerifier [0x00007FF7425A653B+854395]
	(No symbol) [0x00007FF74244BE0F]
	(No symbol) [0x00007FF742447714]
	(No symbol) [0x00007FF7424478AD]
	(No symbol) [0x00007FF742436189]
	BaseThreadInitThunk [0x00007FFB3758E8D7+23]
	RtlUserThreadStart [0x00007FFB3845BF2C+44]
</msg>
</errors>
</robot>
